/*C7*/SET SCHEMA PUBLIC
CONNECT USER SA
DISCONNECT
/*C8*/SET SCHEMA PUBLIC
CONNECT USER SA
INSERT INTO USERS VALUES(3,'asfaf','safafa','3569-09-03')
DISCONNECT
/*C9*/SET SCHEMA PUBLIC
CONNECT USER SA
DISCONNECT
/*C10*/SET SCHEMA PUBLIC
CONNECT USER SA
DELETE FROM USERS WHERE ID=3
DISCONNECT
/*C11*/SET SCHEMA PUBLIC
CONNECT USER SA
DISCONNECT
/*C12*/SET SCHEMA PUBLIC
CONNECT USER SA
DISCONNECT
/*C13*/SET SCHEMA PUBLIC
CONNECT USER SA
DELETE FROM USERS WHERE ID=2
INSERT INTO USERS VALUES(2,'dsfsffgjdftjf','fdsfsd','2438-09-23')
DISCONNECT
/*C14*/SET SCHEMA PUBLIC
CONNECT USER SA
DISCONNECT
